## Module report - date 22.08.2017 09:50:24
## Created by Pcbnew version pcbnew (2013-07-07 BZR 4022)-stable
## Unit = inches, Angle = deg.
##

$BeginDESCRIPTION

$BOARD
unit INCH
upper_left_corner  4.749150  0.556983
lower_right_corner  7.108500  5.850017
$EndBOARD

$MODULE "U1"
reference "U1"
value "BLUEFR_LE_UART_FR_BLE"
footprint "Bluefruit_LE_UART"
attribut none
position  6.525000  3.150000
orientation  180.00
layer copper
$PAD "1"
position -0.350000  0.150000
size  0.059055  0.059055
drill  0.039370
shape_offset  0.000000  0.000000
orientation  0.00
Shape  Circ
Layer  all
$EndPAD
$PAD "2"
position -0.250000  0.150000
size  0.059055  0.059055
drill  0.039370
shape_offset  0.000000  0.000000
orientation  0.00
Shape  Circ
Layer  all
$EndPAD
$PAD "3"
position -0.150000  0.150000
size  0.059055  0.059055
drill  0.039370
shape_offset  0.000000  0.000000
orientation  0.00
Shape  Circ
Layer  all
$EndPAD
$PAD "4"
position -0.050000  0.150000
size  0.059055  0.059055
drill  0.039370
shape_offset  0.000000  0.000000
orientation  0.00
Shape  Circ
Layer  all
$EndPAD
$PAD "5"
position  0.050000  0.150000
size  0.059055  0.059055
drill  0.039370
shape_offset  0.000000  0.000000
orientation  0.00
Shape  Circ
Layer  all
$EndPAD
$PAD "6"
position  0.150000  0.150000
size  0.059055  0.059055
drill  0.039370
shape_offset  0.000000  0.000000
orientation  0.00
Shape  Circ
Layer  all
$EndPAD
$PAD "7"
position  0.250000  0.150000
size  0.059055  0.059055
drill  0.039370
shape_offset  0.000000  0.000000
orientation  0.00
Shape  Circ
Layer  all
$EndPAD
$PAD "8"
position  0.350000  0.150000
size  0.059055  0.059055
drill  0.039370
shape_offset  0.000000  0.000000
orientation  0.00
Shape  Circ
Layer  all
$EndPAD
$EndMODULE  U1

$MODULE "Q2"
reference "Q2"
value "LP0701N3-G"
footprint "TO-92-FET-inline-wide-SGD"
attribut none
position  5.450000  2.200000
orientation  180.00
layer component
$PAD "G"
position  0.000000  0.000000
size  0.060000  0.060000
drill  0.032000
shape_offset  0.000000  0.000000
orientation  0.00
Shape  Circ
Layer  all
$EndPAD
$PAD "D"
position  0.000000  0.100000
size  0.060000  0.060000
drill  0.032000
shape_offset  0.000000  0.000000
orientation  0.00
Shape  Circ
Layer  all
$EndPAD
$PAD "S"
position  0.000000 -0.100000
size  0.060000  0.060000
drill  0.032000
shape_offset  0.000000  0.000000
orientation  0.00
Shape  Circ
Layer  all
$EndPAD
$EndMODULE  Q2

$MODULE "R3"
reference "R3"
value "100R"
footprint "Resistor_Horizontal_RM10mm_22Apr2011"
attribut none
position  5.100000  2.100000
orientation  90.00
layer component
$PAD "1"
position -0.196900  0.000000
size  0.078700  0.078700
drill  0.039400
shape_offset  0.000000  0.000000
orientation  0.00
Shape  Circ
Layer  all
$EndPAD
$PAD "2"
position  0.203100  0.000000
size  0.078700  0.078700
drill  0.039400
shape_offset  0.000000  0.000000
orientation  0.00
Shape  Circ
Layer  all
$EndPAD
$EndMODULE  R3

$MODULE "R13"
reference "R13"
value "1K"
footprint "Resistor_Horizontal_RM10mm_22Apr2011"
attribut none
position  5.225000  3.075000
orientation  270.00
layer component
$PAD "1"
position -0.196900  0.000000
size  0.078700  0.078700
drill  0.039400
shape_offset  0.000000  0.000000
orientation  0.00
Shape  Circ
Layer  all
$EndPAD
$PAD "2"
position  0.203100  0.000000
size  0.078700  0.078700
drill  0.039400
shape_offset  0.000000  0.000000
orientation  0.00
Shape  Circ
Layer  all
$EndPAD
$EndMODULE  R13

$MODULE "R15"
reference "R15"
value "100R"
footprint "Resistor_Horizontal_RM10mm_22Apr2011"
attribut none
position  5.350000  3.075000
orientation  270.00
layer component
$PAD "1"
position -0.196900  0.000000
size  0.078700  0.078700
drill  0.039400
shape_offset  0.000000  0.000000
orientation  0.00
Shape  Circ
Layer  all
$EndPAD
$PAD "2"
position  0.203100  0.000000
size  0.078700  0.078700
drill  0.039400
shape_offset  0.000000  0.000000
orientation  0.00
Shape  Circ
Layer  all
$EndPAD
$EndMODULE  R15

$MODULE "R17"
reference "R17"
value "1K1"
footprint "Resistor_Horizontal_RM10mm_22Apr2011"
attribut none
position  6.675000  2.300000
orientation  90.00
layer component
$PAD "1"
position -0.196900  0.000000
size  0.078700  0.078700
drill  0.039400
shape_offset  0.000000  0.000000
orientation  0.00
Shape  Circ
Layer  all
$EndPAD
$PAD "2"
position  0.203100  0.000000
size  0.078700  0.078700
drill  0.039400
shape_offset  0.000000  0.000000
orientation  0.00
Shape  Circ
Layer  all
$EndPAD
$EndMODULE  R17

$MODULE "R16"
reference "R16"
value "1K"
footprint "Resistor_Horizontal_RM10mm_22Apr2011"
attribut none
position  5.100000  3.075000
orientation  270.00
layer component
$PAD "1"
position -0.196900  0.000000
size  0.078700  0.078700
drill  0.039400
shape_offset  0.000000  0.000000
orientation  0.00
Shape  Circ
Layer  all
$EndPAD
$PAD "2"
position  0.203100  0.000000
size  0.078700  0.078700
drill  0.039400
shape_offset  0.000000  0.000000
orientation  0.00
Shape  Circ
Layer  all
$EndPAD
$EndMODULE  R16

$MODULE "R4"
reference "R4"
value "1K"
footprint "Resistor_Horizontal_RM10mm_22Apr2011"
attribut none
position  6.800000  2.300000
orientation  90.00
layer component
$PAD "1"
position -0.196900  0.000000
size  0.078700  0.078700
drill  0.039400
shape_offset  0.000000  0.000000
orientation  0.00
Shape  Circ
Layer  all
$EndPAD
$PAD "2"
position  0.203100  0.000000
size  0.078700  0.078700
drill  0.039400
shape_offset  0.000000  0.000000
orientation  0.00
Shape  Circ
Layer  all
$EndPAD
$EndMODULE  R4

$MODULE "R8"
reference "R8"
value "470R"
footprint "Resistor_Horizontal_RM10mm_22Apr2011"
attribut none
position  6.325000  2.250000
orientation  0.00
layer component
$PAD "1"
position -0.196900  0.000000
size  0.078700  0.078700
drill  0.039400
shape_offset  0.000000  0.000000
orientation  0.00
Shape  Circ
Layer  all
$EndPAD
$PAD "2"
position  0.203100  0.000000
size  0.078700  0.078700
drill  0.039400
shape_offset  0.000000  0.000000
orientation  0.00
Shape  Circ
Layer  all
$EndPAD
$EndMODULE  R8

$MODULE "R7"
reference "R7"
value "1K"
footprint "Resistor_Horizontal_RM10mm_22Apr2011"
attribut none
position  6.330000  2.500000
orientation  180.00
layer component
$PAD "1"
position -0.196900  0.000000
size  0.078700  0.078700
drill  0.039400
shape_offset  0.000000  0.000000
orientation  0.00
Shape  Circ
Layer  all
$EndPAD
$PAD "2"
position  0.203100  0.000000
size  0.078700  0.078700
drill  0.039400
shape_offset  0.000000  0.000000
orientation  0.00
Shape  Circ
Layer  all
$EndPAD
$EndMODULE  R7

$MODULE "R9"
reference "R9"
value "1K"
footprint "Resistor_Horizontal_RM10mm_22Apr2011"
attribut none
position  6.325000  2.375000
orientation  0.00
layer component
$PAD "1"
position -0.196900  0.000000
size  0.078700  0.078700
drill  0.039400
shape_offset  0.000000  0.000000
orientation  0.00
Shape  Circ
Layer  all
$EndPAD
$PAD "2"
position  0.203100  0.000000
size  0.078700  0.078700
drill  0.039400
shape_offset  0.000000  0.000000
orientation  0.00
Shape  Circ
Layer  all
$EndPAD
$EndMODULE  R9

$MODULE "R5"
reference "R5"
value "2K"
footprint "Resistor_Horizontal_RM10mm_22Apr2011"
attribut none
position  5.600000  2.300000
orientation  270.00
layer component
$PAD "1"
position -0.196900  0.000000
size  0.078700  0.078700
drill  0.039400
shape_offset  0.000000  0.000000
orientation  0.00
Shape  Circ
Layer  all
$EndPAD
$PAD "2"
position  0.203100  0.000000
size  0.078700  0.078700
drill  0.039400
shape_offset  0.000000  0.000000
orientation  0.00
Shape  Circ
Layer  all
$EndPAD
$EndMODULE  R5

$MODULE "R2"
reference "R2"
value "1K"
footprint "Resistor_Horizontal_RM10mm_22Apr2011"
attribut none
position  5.250000  2.100000
orientation  270.00
layer component
$PAD "1"
position -0.196900  0.000000
size  0.078700  0.078700
drill  0.039400
shape_offset  0.000000  0.000000
orientation  0.00
Shape  Circ
Layer  all
$EndPAD
$PAD "2"
position  0.203100  0.000000
size  0.078700  0.078700
drill  0.039400
shape_offset  0.000000  0.000000
orientation  0.00
Shape  Circ
Layer  all
$EndPAD
$EndMODULE  R2

$MODULE "R10"
reference "R10"
value "3K9"
footprint "Resistor_Horizontal_RM10mm_22Apr2011"
attribut none
position  6.330000  2.880000
orientation  180.00
layer component
$PAD "1"
position -0.196900  0.000000
size  0.078700  0.078700
drill  0.039400
shape_offset  0.000000  0.000000
orientation  0.00
Shape  Circ
Layer  all
$EndPAD
$PAD "2"
position  0.203100  0.000000
size  0.078700  0.078700
drill  0.039400
shape_offset  0.000000  0.000000
orientation  0.00
Shape  Circ
Layer  all
$EndPAD
$EndMODULE  R10

$MODULE "R11"
reference "R11"
value "2K"
footprint "Resistor_Horizontal_RM10mm_22Apr2011"
attribut none
position  6.325000  2.750000
orientation  0.00
layer component
$PAD "1"
position -0.196900  0.000000
size  0.078700  0.078700
drill  0.039400
shape_offset  0.000000  0.000000
orientation  0.00
Shape  Circ
Layer  all
$EndPAD
$PAD "2"
position  0.203100  0.000000
size  0.078700  0.078700
drill  0.039400
shape_offset  0.000000  0.000000
orientation  0.00
Shape  Circ
Layer  all
$EndPAD
$EndMODULE  R11

$MODULE "R14"
reference "R14"
value "3K9"
footprint "Resistor_Horizontal_RM10mm_22Apr2011"
attribut none
position  6.400000  4.100000
orientation  180.00
layer component
$PAD "1"
position -0.196900  0.000000
size  0.078700  0.078700
drill  0.039400
shape_offset  0.000000  0.000000
orientation  0.00
Shape  Circ
Layer  all
$EndPAD
$PAD "2"
position  0.203100  0.000000
size  0.078700  0.078700
drill  0.039400
shape_offset  0.000000  0.000000
orientation  0.00
Shape  Circ
Layer  all
$EndPAD
$EndMODULE  R14

$MODULE "R12"
reference "R12"
value "2K"
footprint "Resistor_Horizontal_RM10mm_22Apr2011"
attribut none
position  6.400000  3.975000
orientation  180.00
layer component
$PAD "1"
position -0.196900  0.000000
size  0.078700  0.078700
drill  0.039400
shape_offset  0.000000  0.000000
orientation  0.00
Shape  Circ
Layer  all
$EndPAD
$PAD "2"
position  0.203100  0.000000
size  0.078700  0.078700
drill  0.039400
shape_offset  0.000000  0.000000
orientation  0.00
Shape  Circ
Layer  all
$EndPAD
$EndMODULE  R12

$MODULE "R1"
reference "R1"
value "6K8"
footprint "Resistor_Horizontal_RM10mm_22Apr2011"
attribut none
position  6.925000  2.295000
orientation  270.00
layer component
$PAD "1"
position -0.196900  0.000000
size  0.078700  0.078700
drill  0.039400
shape_offset  0.000000  0.000000
orientation  0.00
Shape  Circ
Layer  all
$EndPAD
$PAD "2"
position  0.203100  0.000000
size  0.078700  0.078700
drill  0.039400
shape_offset  0.000000  0.000000
orientation  0.00
Shape  Circ
Layer  all
$EndPAD
$EndMODULE  R1

$MODULE "R6"
reference "R6"
value "1K"
footprint "Resistor_Horizontal_RM10mm_22Apr2011"
attribut none
position  6.325000  2.625000
orientation  0.00
layer component
$PAD "1"
position -0.196900  0.000000
size  0.078700  0.078700
drill  0.039400
shape_offset  0.000000  0.000000
orientation  0.00
Shape  Circ
Layer  all
$EndPAD
$PAD "2"
position  0.203100  0.000000
size  0.078700  0.078700
drill  0.039400
shape_offset  0.000000  0.000000
orientation  0.00
Shape  Circ
Layer  all
$EndPAD
$EndMODULE  R6

$MODULE "K1"
reference "K1"
value "CONN_3"
footprint "PIN_ARRAY_3X1"
attribut none
position  5.850000  2.100000
orientation  180.00
layer component
$SHAPE3D
Na "pin_array/pins_array_3x1.wrl"
Sc 1 1 1
Of 0 0 0
Ro 0 0 0
$EndSHAPE3D
$PAD "1"
position -0.100000  0.000000
size  0.060000  0.060000
drill  0.040000
shape_offset  0.000000  0.000000
orientation  0.00
Shape  Rect
Layer  all
$EndPAD
$PAD "2"
position  0.000000  0.000000
size  0.060000  0.060000
drill  0.040000
shape_offset  0.000000  0.000000
orientation  0.00
Shape  Circ
Layer  all
$EndPAD
$PAD "3"
position  0.100000  0.000000
size  0.060000  0.060000
drill  0.040000
shape_offset  0.000000  0.000000
orientation  0.00
Shape  Circ
Layer  all
$EndPAD
$EndMODULE  K1

$MODULE "SP1"
reference "SP1"
value "CPE-165"
footprint "PIN_ARRAY_2X1"
attribut none
position  5.300000  3.450000
orientation  180.00
layer component
$SHAPE3D
Na "pin_array/pins_array_2x1.wrl"
Sc 1 1 1
Of 0 0 0
Ro 0 0 0
$EndSHAPE3D
$PAD "1"
position -0.050000  0.000000
size  0.060000  0.060000
drill  0.040000
shape_offset  0.000000  0.000000
orientation  0.00
Shape  Rect
Layer  all
$EndPAD
$PAD "2"
position  0.050000  0.000000
size  0.060000  0.060000
drill  0.040000
shape_offset  0.000000  0.000000
orientation  0.00
Shape  Circ
Layer  all
$EndPAD
$EndMODULE  SP1

$MODULE "JP2"
reference "JP2"
value "JUMPER"
footprint "PIN_ARRAY_2X1"
attribut none
position  6.500000  2.100000
orientation  0.00
layer component
$SHAPE3D
Na "pin_array/pins_array_2x1.wrl"
Sc 1 1 1
Of 0 0 0
Ro 0 0 0
$EndSHAPE3D
$PAD "1"
position -0.050000  0.000000
size  0.060000  0.060000
drill  0.040000
shape_offset  0.000000  0.000000
orientation  0.00
Shape  Rect
Layer  all
$EndPAD
$PAD "2"
position  0.050000  0.000000
size  0.060000  0.060000
drill  0.040000
shape_offset  0.000000  0.000000
orientation  0.00
Shape  Circ
Layer  all
$EndPAD
$EndMODULE  JP2

$MODULE "JP1"
reference "JP1"
value "JUMPER"
footprint "PIN_ARRAY_2X1"
attribut none
position  6.200000  2.100000
orientation  0.00
layer component
$SHAPE3D
Na "pin_array/pins_array_2x1.wrl"
Sc 1 1 1
Of 0 0 0
Ro 0 0 0
$EndSHAPE3D
$PAD "1"
position -0.050000  0.000000
size  0.060000  0.060000
drill  0.040000
shape_offset  0.000000  0.000000
orientation  0.00
Shape  Rect
Layer  all
$EndPAD
$PAD "2"
position  0.050000  0.000000
size  0.060000  0.060000
drill  0.040000
shape_offset  0.000000  0.000000
orientation  0.00
Shape  Circ
Layer  all
$EndPAD
$EndMODULE  JP1

$MODULE "D1"
reference "D1"
value "DIODE"
footprint "D3"
attribut none
position  6.800000  2.750000
orientation  180.00
layer component
$SHAPE3D
Na "discret/diode.wrl"
Sc 0.3 0.3 0.3
Of 0 0 0
Ro 0 0 0
$EndSHAPE3D
$PAD "2"
position  0.150000  0.000000
size  0.055000  0.055000
drill  0.032000
shape_offset  0.000000  0.000000
orientation  0.00
Shape  Rect
Layer  all
$EndPAD
$PAD "1"
position -0.150000  0.000000
size  0.055000  0.055000
drill  0.032000
shape_offset  0.000000  0.000000
orientation  0.00
Shape  Circ
Layer  all
$EndPAD
$EndMODULE  D1

$MODULE "D5"
reference "D5"
value "ZENER 5V"
footprint "D3"
attribut none
position  5.800000  2.925000
orientation  180.00
layer component
$SHAPE3D
Na "discret/diode.wrl"
Sc 0.3 0.3 0.3
Of 0 0 0
Ro 0 0 0
$EndSHAPE3D
$PAD "2"
position  0.150000  0.000000
size  0.055000  0.055000
drill  0.032000
shape_offset  0.000000  0.000000
orientation  0.00
Shape  Rect
Layer  all
$EndPAD
$PAD "1"
position -0.150000  0.000000
size  0.055000  0.055000
drill  0.032000
shape_offset  0.000000  0.000000
orientation  0.00
Shape  Circ
Layer  all
$EndPAD
$EndMODULE  D5

$MODULE "D4"
reference "D4"
value "ZENER 5V"
footprint "D3"
attribut none
position  5.800000  2.825000
orientation  180.00
layer component
$SHAPE3D
Na "discret/diode.wrl"
Sc 0.3 0.3 0.3
Of 0 0 0
Ro 0 0 0
$EndSHAPE3D
$PAD "2"
position  0.150000  0.000000
size  0.055000  0.055000
drill  0.032000
shape_offset  0.000000  0.000000
orientation  0.00
Shape  Rect
Layer  all
$EndPAD
$PAD "1"
position -0.150000  0.000000
size  0.055000  0.055000
drill  0.032000
shape_offset  0.000000  0.000000
orientation  0.00
Shape  Circ
Layer  all
$EndPAD
$EndMODULE  D4

$MODULE "D2"
reference "D2"
value "ZENER 5V"
footprint "D3"
attribut none
position  5.800000  2.725000
orientation  0.00
layer component
$SHAPE3D
Na "discret/diode.wrl"
Sc 0.3 0.3 0.3
Of 0 0 0
Ro 0 0 0
$EndSHAPE3D
$PAD "2"
position  0.150000  0.000000
size  0.055000  0.055000
drill  0.032000
shape_offset  0.000000  0.000000
orientation  0.00
Shape  Rect
Layer  all
$EndPAD
$PAD "1"
position -0.150000  0.000000
size  0.055000  0.055000
drill  0.032000
shape_offset  0.000000  0.000000
orientation  0.00
Shape  Circ
Layer  all
$EndPAD
$EndMODULE  D2

$MODULE "D3"
reference "D3"
value "ZENER 5V"
footprint "D3"
attribut none
position  5.800000  2.625000
orientation  0.00
layer component
$SHAPE3D
Na "discret/diode.wrl"
Sc 0.3 0.3 0.3
Of 0 0 0
Ro 0 0 0
$EndSHAPE3D
$PAD "2"
position  0.150000  0.000000
size  0.055000  0.055000
drill  0.032000
shape_offset  0.000000  0.000000
orientation  0.00
Shape  Rect
Layer  all
$EndPAD
$PAD "1"
position -0.150000  0.000000
size  0.055000  0.055000
drill  0.032000
shape_offset  0.000000  0.000000
orientation  0.00
Shape  Circ
Layer  all
$EndPAD
$EndMODULE  D3

$MODULE "D6"
reference "D6"
value "ZENER 5V"
footprint "D3"
attribut none
position  6.775000  4.125000
orientation  270.00
layer component
$SHAPE3D
Na "discret/diode.wrl"
Sc 0.3 0.3 0.3
Of 0 0 0
Ro 0 0 0
$EndSHAPE3D
$PAD "2"
position  0.150000  0.000000
size  0.055000  0.055000
drill  0.032000
shape_offset  0.000000  0.000000
orientation  0.00
Shape  Rect
Layer  all
$EndPAD
$PAD "1"
position -0.150000  0.000000
size  0.055000  0.055000
drill  0.032000
shape_offset  0.000000  0.000000
orientation  0.00
Shape  Circ
Layer  all
$EndPAD
$EndMODULE  D6

$MODULE "C2"
reference "C2"
value "1uF"
footprint "Capacitor7x2.5RM5"
attribut none
position  5.750000  2.375000
orientation  0.00
layer component
$PAD "1"
position  0.000000  0.000000
size  0.059100  0.059100
drill  0.031500
shape_offset  0.000000  0.000000
orientation  0.00
Shape  Circ
Layer  all
$EndPAD
$PAD "2"
position  0.200000  0.000000
size  0.059100  0.059100
drill  0.031500
shape_offset  0.000000  0.000000
orientation  0.00
Shape  Circ
Layer  all
$EndPAD
$EndMODULE  C2

$MODULE "C3"
reference "C3"
value "1uF"
footprint "Capacitor7x2.5RM5"
attribut none
position  5.750000  2.225000
orientation  0.00
layer component
$PAD "1"
position  0.000000  0.000000
size  0.059100  0.059100
drill  0.031500
shape_offset  0.000000  0.000000
orientation  0.00
Shape  Circ
Layer  all
$EndPAD
$PAD "2"
position  0.200000  0.000000
size  0.059100  0.059100
drill  0.031500
shape_offset  0.000000  0.000000
orientation  0.00
Shape  Circ
Layer  all
$EndPAD
$EndMODULE  C3

$MODULE "C1"
reference "C1"
value "1uF"
footprint "Capacitor7x2.5RM5"
attribut none
position  6.725000  2.625000
orientation  0.00
layer component
$PAD "1"
position  0.000000  0.000000
size  0.059100  0.059100
drill  0.031500
shape_offset  0.000000  0.000000
orientation  0.00
Shape  Circ
Layer  all
$EndPAD
$PAD "2"
position  0.200000  0.000000
size  0.059100  0.059100
drill  0.031500
shape_offset  0.000000  0.000000
orientation  0.00
Shape  Circ
Layer  all
$EndPAD
$EndMODULE  C1

$MODULE "Q5"
reference "Q5"
value "BC547"
footprint "TO-92-Free-inline-wide"
attribut none
position  5.225000  3.675000
orientation  270.00
layer component
$PAD "2"
position  0.000000  0.000000
size  0.060000  0.060000
drill  0.032000
shape_offset  0.000000  0.000000
orientation  0.00
Shape  Circ
Layer  all
$EndPAD
$PAD "3"
position  0.000000  0.100000
size  0.060000  0.060000
drill  0.032000
shape_offset  0.000000  0.000000
orientation  0.00
Shape  Circ
Layer  all
$EndPAD
$PAD "1"
position  0.000000 -0.100000
size  0.060000  0.060000
drill  0.032000
shape_offset  0.000000  0.000000
orientation  0.00
Shape  Circ
Layer  all
$EndPAD
$EndMODULE  Q5

$MODULE "Q3"
reference "Q3"
value "BC547"
footprint "TO-92-Free-inline-wide"
attribut none
position  6.850000  1.960000
orientation  90.00
layer component
$PAD "2"
position  0.000000  0.000000
size  0.060000  0.060000
drill  0.032000
shape_offset  0.000000  0.000000
orientation  0.00
Shape  Circ
Layer  all
$EndPAD
$PAD "3"
position  0.000000  0.100000
size  0.060000  0.060000
drill  0.032000
shape_offset  0.000000  0.000000
orientation  0.00
Shape  Circ
Layer  all
$EndPAD
$PAD "1"
position  0.000000 -0.100000
size  0.060000  0.060000
drill  0.032000
shape_offset  0.000000  0.000000
orientation  0.00
Shape  Circ
Layer  all
$EndPAD
$EndMODULE  Q3

$MODULE "Q1"
reference "Q1"
value "BC547"
footprint "TO-92-Free-inline-wide"
attribut none
position  5.200000  2.450000
orientation  270.00
layer component
$PAD "2"
position  0.000000  0.000000
size  0.060000  0.060000
drill  0.032000
shape_offset  0.000000  0.000000
orientation  0.00
Shape  Circ
Layer  all
$EndPAD
$PAD "3"
position  0.000000  0.100000
size  0.060000  0.060000
drill  0.032000
shape_offset  0.000000  0.000000
orientation  0.00
Shape  Circ
Layer  all
$EndPAD
$PAD "1"
position  0.000000 -0.100000
size  0.060000  0.060000
drill  0.032000
shape_offset  0.000000  0.000000
orientation  0.00
Shape  Circ
Layer  all
$EndPAD
$EndMODULE  Q1

$MODULE "Q4"
reference "Q4"
value "BC557"
footprint "TO-92-Free-inline-wide"
attribut none
position  5.425000  2.600000
orientation  0.00
layer component
$PAD "2"
position  0.000000  0.000000
size  0.060000  0.060000
drill  0.032000
shape_offset  0.000000  0.000000
orientation  0.00
Shape  Circ
Layer  all
$EndPAD
$PAD "3"
position  0.000000  0.100000
size  0.060000  0.060000
drill  0.032000
shape_offset  0.000000  0.000000
orientation  0.00
Shape  Circ
Layer  all
$EndPAD
$PAD "1"
position  0.000000 -0.100000
size  0.060000  0.060000
drill  0.032000
shape_offset  0.000000  0.000000
orientation  0.00
Shape  Circ
Layer  all
$EndPAD
$EndMODULE  Q4

$MODULE "P1"
reference "P1"
value "PHOENIX1989780"
footprint "Phoenix_PTFSA_0.5"
attribut none
position  5.750000  1.850000
orientation  0.00
layer component
$PAD "1"
position -0.295276  0.000000
size  0.059055  0.236220
drill  0.039370
shape_offset  0.000000  0.000000
orientation  0.00
Shape  Rect
Layer  all
$EndPAD
$PAD "2"
position -0.196850  0.000000
size  0.059055  0.236220
drill  0.039370
shape_offset  0.000000  0.000000
orientation  0.00
Shape  Rect
Layer  all
$EndPAD
$PAD "3"
position -0.098425  0.000000
size  0.059055  0.236220
drill  0.039370
shape_offset  0.000000  0.000000
orientation  0.00
Shape  Rect
Layer  all
$EndPAD
$PAD "4"
position  0.000000  0.000000
size  0.059055  0.236220
drill  0.039370
shape_offset  0.000000  0.000000
orientation  0.00
Shape  Rect
Layer  all
$EndPAD
$PAD "5"
position  0.098425  0.000000
size  0.059055  0.236220
drill  0.039370
shape_offset  0.000000  0.000000
orientation  0.00
Shape  Rect
Layer  all
$EndPAD
$PAD "6"
position  0.196850  0.000000
size  0.059055  0.236220
drill  0.039370
shape_offset  0.000000  0.000000
orientation  0.00
Shape  Rect
Layer  all
$EndPAD
$EndMODULE  P1

$MODULE "P2"
reference "P2"
value "PHOENIX1989780"
footprint "Phoenix_PTFSA_0.5"
attribut none
position  6.450000  1.850000
orientation  0.00
layer component
$PAD "1"
position -0.295276  0.000000
size  0.059055  0.236220
drill  0.039370
shape_offset  0.000000  0.000000
orientation  0.00
Shape  Rect
Layer  all
$EndPAD
$PAD "2"
position -0.196850  0.000000
size  0.059055  0.236220
drill  0.039370
shape_offset  0.000000  0.000000
orientation  0.00
Shape  Rect
Layer  all
$EndPAD
$PAD "3"
position -0.098425  0.000000
size  0.059055  0.236220
drill  0.039370
shape_offset  0.000000  0.000000
orientation  0.00
Shape  Rect
Layer  all
$EndPAD
$PAD "4"
position  0.000000  0.000000
size  0.059055  0.236220
drill  0.039370
shape_offset  0.000000  0.000000
orientation  0.00
Shape  Rect
Layer  all
$EndPAD
$PAD "5"
position  0.098425  0.000000
size  0.059055  0.236220
drill  0.039370
shape_offset  0.000000  0.000000
orientation  0.00
Shape  Rect
Layer  all
$EndPAD
$PAD "6"
position  0.196850  0.000000
size  0.059055  0.236220
drill  0.039370
shape_offset  0.000000  0.000000
orientation  0.00
Shape  Rect
Layer  all
$EndPAD
$EndMODULE  P2

$MODULE "P3"
reference "P3"
value "PHOENIX1989780"
footprint "Phoenix_PTFSA_0.5"
attribut none
position  6.300000  4.375000
orientation  180.00
layer component
$PAD "1"
position -0.295276  0.000000
size  0.059055  0.236220
drill  0.039370
shape_offset  0.000000  0.000000
orientation  0.00
Shape  Rect
Layer  all
$EndPAD
$PAD "2"
position -0.196850  0.000000
size  0.059055  0.236220
drill  0.039370
shape_offset  0.000000  0.000000
orientation  0.00
Shape  Rect
Layer  all
$EndPAD
$PAD "3"
position -0.098425  0.000000
size  0.059055  0.236220
drill  0.039370
shape_offset  0.000000  0.000000
orientation  0.00
Shape  Rect
Layer  all
$EndPAD
$PAD "4"
position  0.000000  0.000000
size  0.059055  0.236220
drill  0.039370
shape_offset  0.000000  0.000000
orientation  0.00
Shape  Rect
Layer  all
$EndPAD
$PAD "5"
position  0.098425  0.000000
size  0.059055  0.236220
drill  0.039370
shape_offset  0.000000  0.000000
orientation  0.00
Shape  Rect
Layer  all
$EndPAD
$PAD "6"
position  0.196850  0.000000
size  0.059055  0.236220
drill  0.039370
shape_offset  0.000000  0.000000
orientation  0.00
Shape  Rect
Layer  all
$EndPAD
$EndMODULE  P3

$MODULE "P4"
reference "P4"
value "PHOENIX1989780"
footprint "Phoenix_PTFSA_0.5"
attribut none
position  5.600000  4.375000
orientation  180.00
layer component
$PAD "1"
position -0.295276  0.000000
size  0.059055  0.236220
drill  0.039370
shape_offset  0.000000  0.000000
orientation  0.00
Shape  Rect
Layer  all
$EndPAD
$PAD "2"
position -0.196850  0.000000
size  0.059055  0.236220
drill  0.039370
shape_offset  0.000000  0.000000
orientation  0.00
Shape  Rect
Layer  all
$EndPAD
$PAD "3"
position -0.098425  0.000000
size  0.059055  0.236220
drill  0.039370
shape_offset  0.000000  0.000000
orientation  0.00
Shape  Rect
Layer  all
$EndPAD
$PAD "4"
position  0.000000  0.000000
size  0.059055  0.236220
drill  0.039370
shape_offset  0.000000  0.000000
orientation  0.00
Shape  Rect
Layer  all
$EndPAD
$PAD "5"
position  0.098425  0.000000
size  0.059055  0.236220
drill  0.039370
shape_offset  0.000000  0.000000
orientation  0.00
Shape  Rect
Layer  all
$EndPAD
$PAD "6"
position  0.196850  0.000000
size  0.059055  0.236220
drill  0.039370
shape_offset  0.000000  0.000000
orientation  0.00
Shape  Rect
Layer  all
$EndPAD
$EndMODULE  P4

$MODULE "U2"
reference "U2"
value "SEN-13762"
footprint "SEN-13762"
attribut none
position  5.875000  3.550000
orientation  0.00
layer copper
$PAD "1"
position -0.300000 -0.200000
size  0.059055  0.059055
drill  0.039370
shape_offset  0.000000  0.000000
orientation  0.00
Shape  Rect
Layer  all
$EndPAD
$PAD "2"
position -0.300000 -0.100000
size  0.059055  0.059055
drill  0.039370
shape_offset  0.000000  0.000000
orientation  0.00
Shape  Circ
Layer  all
$EndPAD
$PAD "3"
position -0.300000  0.000000
size  0.059055  0.059055
drill  0.039370
shape_offset  0.000000  0.000000
orientation  0.00
Shape  Circ
Layer  all
$EndPAD
$PAD "4"
position -0.300000  0.100000
size  0.059055  0.059055
drill  0.039370
shape_offset  0.000000  0.000000
orientation  0.00
Shape  Circ
Layer  all
$EndPAD
$PAD "5"
position -0.100000  0.100000
size  0.059055  0.059055
drill  0.039370
shape_offset  0.000000  0.000000
orientation  0.00
Shape  Circ
Layer  all
$EndPAD
$PAD "6"
position  0.000000  0.100000
size  0.059055  0.059055
drill  0.039370
shape_offset  0.000000  0.000000
orientation  0.00
Shape  Circ
Layer  all
$EndPAD
$PAD "7"
position  0.100000  0.100000
size  0.059055  0.059055
drill  0.039370
shape_offset  0.000000  0.000000
orientation  0.00
Shape  Circ
Layer  all
$EndPAD
$PAD "8"
position  0.300000  0.100000
size  0.059055  0.059055
drill  0.039370
shape_offset  0.000000  0.000000
orientation  0.00
Shape  Circ
Layer  all
$EndPAD
$PAD "9"
position  0.300000  0.000000
size  0.059055  0.059055
drill  0.039370
shape_offset  0.000000  0.000000
orientation  0.00
Shape  Circ
Layer  all
$EndPAD
$PAD "10"
position  0.300000 -0.100000
size  0.059055  0.059055
drill  0.039370
shape_offset  0.000000  0.000000
orientation  0.00
Shape  Circ
Layer  all
$EndPAD
$PAD "11"
position  0.300000 -0.200000
size  0.059055  0.059055
drill  0.039370
shape_offset  0.000000  0.000000
orientation  0.00
Shape  Circ
Layer  all
$EndPAD
$EndMODULE  U2

$MODULE "U3"
reference "U3"
value "78L05"
footprint "TO-92-LM78L05"
attribut none
position  5.200000  2.750000
orientation  90.00
layer component
$PAD "GND"
position  0.000000  0.000000
size  0.060000  0.060000
drill  0.032000
shape_offset  0.000000  0.000000
orientation  0.00
Shape  Circ
Layer  all
$EndPAD
$PAD "VI"
position  0.000000  0.100000
size  0.060000  0.060000
drill  0.032000
shape_offset  0.000000  0.000000
orientation  0.00
Shape  Circ
Layer  all
$EndPAD
$PAD "VO"
position  0.000000 -0.100000
size  0.060000  0.060000
drill  0.032000
shape_offset  0.000000  0.000000
orientation  0.00
Shape  Circ
Layer  all
$EndPAD
$EndMODULE  U3

$MODULE "U4"
reference "U4"
value "TEENSY_3.2"
footprint "TEENSY3.2"
attribut none
position  6.775000  3.250000
orientation  270.00
layer component
$PAD "1"
position  0.000000  0.000000
size  0.059055  0.059055
drill  0.039370
shape_offset  0.000000  0.000000
orientation  0.00
Shape  Circ
Layer  all
$EndPAD
$PAD "2"
position  0.000000  0.100000
size  0.059055  0.059055
drill  0.039370
shape_offset  0.000000  0.000000
orientation  0.00
Shape  Circ
Layer  all
$EndPAD
$PAD "3"
position  0.000000  0.200000
size  0.059055  0.059055
drill  0.039370
shape_offset  0.000000  0.000000
orientation  0.00
Shape  Circ
Layer  all
$EndPAD
$PAD "4"
position  0.000000  0.300000
size  0.059055  0.059055
drill  0.039370
shape_offset  0.000000  0.000000
orientation  0.00
Shape  Circ
Layer  all
$EndPAD
$PAD "5"
position  0.000000  0.400000
size  0.059055  0.059055
drill  0.039370
shape_offset  0.000000  0.000000
orientation  0.00
Shape  Circ
Layer  all
$EndPAD
$PAD "6"
position  0.000000  0.500000
size  0.059055  0.059055
drill  0.039370
shape_offset  0.000000  0.000000
orientation  0.00
Shape  Circ
Layer  all
$EndPAD
$PAD "7"
position  0.000000  0.600000
size  0.059055  0.059055
drill  0.039370
shape_offset  0.000000  0.000000
orientation  0.00
Shape  Circ
Layer  all
$EndPAD
$PAD "8"
position  0.000000  0.700000
size  0.059055  0.059055
drill  0.039370
shape_offset  0.000000  0.000000
orientation  0.00
Shape  Circ
Layer  all
$EndPAD
$PAD "9"
position  0.000000  0.800000
size  0.059055  0.059055
drill  0.039370
shape_offset  0.000000  0.000000
orientation  0.00
Shape  Circ
Layer  all
$EndPAD
$PAD "10"
position  0.000000  0.900000
size  0.059055  0.059055
drill  0.039370
shape_offset  0.000000  0.000000
orientation  0.00
Shape  Circ
Layer  all
$EndPAD
$PAD "11"
position  0.000000  1.000000
size  0.059055  0.059055
drill  0.039370
shape_offset  0.000000  0.000000
orientation  0.00
Shape  Circ
Layer  all
$EndPAD
$PAD "12"
position  0.000000  1.100000
size  0.059055  0.059055
drill  0.039370
shape_offset  0.000000  0.000000
orientation  0.00
Shape  Circ
Layer  all
$EndPAD
$PAD "13"
position  0.000000  1.200000
size  0.059055  0.059055
drill  0.039370
shape_offset  0.000000  0.000000
orientation  0.00
Shape  Circ
Layer  all
$EndPAD
$PAD "47"
position  0.100000  1.300000
size  0.059055  0.059055
drill  0.039370
shape_offset  0.000000  0.000000
orientation  0.00
Shape  Circ
Layer  all
$EndPAD
$PAD "46"
position  0.500000  0.100000
size  0.059055  0.059055
drill  0.039370
shape_offset  0.000000  0.000000
orientation  0.00
Shape  Circ
Layer  all
$EndPAD
$PAD "48"
position  0.200000  1.300000
size  0.059055  0.059055
drill  0.039370
shape_offset  0.000000  0.000000
orientation  0.00
Shape  Circ
Layer  all
$EndPAD
$PAD "49"
position  0.300000  1.300000
size  0.059055  0.059055
drill  0.039370
shape_offset  0.000000  0.000000
orientation  0.00
Shape  Circ
Layer  all
$EndPAD
$PAD "50"
position  0.400000  1.300000
size  0.059055  0.059055
drill  0.039370
shape_offset  0.000000  0.000000
orientation  0.00
Shape  Circ
Layer  all
$EndPAD
$PAD "51"
position  0.500000  1.300000
size  0.059055  0.059055
drill  0.039370
shape_offset  0.000000  0.000000
orientation  0.00
Shape  Circ
Layer  all
$EndPAD
$PAD "15"
position  0.600000  1.300000
size  0.059055  0.059055
drill  0.039370
shape_offset  0.000000  0.000000
orientation  0.00
Shape  Circ
Layer  all
$EndPAD
$PAD "16"
position  0.600000  1.200000
size  0.059055  0.059055
drill  0.039370
shape_offset  0.000000  0.000000
orientation  0.00
Shape  Circ
Layer  all
$EndPAD
$PAD "17"
position  0.600000  1.100000
size  0.059055  0.059055
drill  0.039370
shape_offset  0.000000  0.000000
orientation  0.00
Shape  Circ
Layer  all
$EndPAD
$PAD "18"
position  0.600000  1.000000
size  0.059055  0.059055
drill  0.039370
shape_offset  0.000000  0.000000
orientation  0.00
Shape  Circ
Layer  all
$EndPAD
$PAD "19"
position  0.600000  0.900000
size  0.059055  0.059055
drill  0.039370
shape_offset  0.000000  0.000000
orientation  0.00
Shape  Circ
Layer  all
$EndPAD
$PAD "20"
position  0.600000  0.800000
size  0.059055  0.059055
drill  0.039370
shape_offset  0.000000  0.000000
orientation  0.00
Shape  Circ
Layer  all
$EndPAD
$PAD "21"
position  0.600000  0.700000
size  0.059055  0.059055
drill  0.039370
shape_offset  0.000000  0.000000
orientation  0.00
Shape  Circ
Layer  all
$EndPAD
$PAD "22"
position  0.600000  0.600000
size  0.059055  0.059055
drill  0.039370
shape_offset  0.000000  0.000000
orientation  0.00
Shape  Circ
Layer  all
$EndPAD
$PAD "23"
position  0.600000  0.500000
size  0.059055  0.059055
drill  0.039370
shape_offset  0.000000  0.000000
orientation  0.00
Shape  Circ
Layer  all
$EndPAD
$PAD "24"
position  0.600000  0.400000
size  0.059055  0.059055
drill  0.039370
shape_offset  0.000000  0.000000
orientation  0.00
Shape  Circ
Layer  all
$EndPAD
$PAD "25"
position  0.600000  0.300000
size  0.059055  0.059055
drill  0.039370
shape_offset  0.000000  0.000000
orientation  0.00
Shape  Circ
Layer  all
$EndPAD
$PAD "26"
position  0.600000  0.200000
size  0.059055  0.059055
drill  0.039370
shape_offset  0.000000  0.000000
orientation  0.00
Shape  Circ
Layer  all
$EndPAD
$PAD "27"
position  0.600000  0.100000
size  0.059055  0.059055
drill  0.039370
shape_offset  0.000000  0.000000
orientation  0.00
Shape  Circ
Layer  all
$EndPAD
$PAD "14"
position  0.000000  1.300000
size  0.059055  0.059055
drill  0.039370
shape_offset  0.000000  0.000000
orientation  0.00
Shape  Circ
Layer  all
$EndPAD
$PAD "28"
position  0.600000  0.000000
size  0.059055  0.059055
drill  0.039370
shape_offset  0.000000  0.000000
orientation  0.00
Shape  Circ
Layer  all
$EndPAD
$PAD "43"
position  0.500000  0.500000
size  0.059055  0.059055
drill  0.039370
shape_offset  0.000000  0.000000
orientation  0.00
Shape  Circ
Layer  all
$EndPAD
$PAD "44"
position  0.500000  0.400000
size  0.059055  0.059055
drill  0.039370
shape_offset  0.000000  0.000000
orientation  0.00
Shape  Circ
Layer  all
$EndPAD
$PAD "45"
position  0.500000  0.300000
size  0.059055  0.059055
drill  0.039370
shape_offset  0.000000  0.000000
orientation  0.00
Shape  Circ
Layer  all
$EndPAD
$EndMODULE  U4

$MODULE "Outl"
reference "Outl"
value "EuroBoard_viertel_Type-I_80mmX50mm_holes"
footprint "EuroBoard_viertel_Type-I_80mmX50mm_holes"
attribut none
position  5.025000  1.550000
orientation  270.00
layer component
$PAD ""
position  0.196900 -0.196900
size  0.137800  0.137800
drill  0.137800
shape_offset  0.000000  0.000000
orientation  0.00
Shape  Circ
Layer  all
$EndPAD
$PAD ""
position  0.196900 -1.771700
size  0.137800  0.137800
drill  0.137800
shape_offset  0.000000  0.000000
orientation  0.00
Shape  Circ
Layer  all
$EndPAD
$PAD ""
position  2.952800 -1.771700
size  0.137800  0.137800
drill  0.137800
shape_offset  0.000000  0.000000
orientation  0.00
Shape  Circ
Layer  all
$EndPAD
$PAD ""
position  2.952800 -0.196900
size  0.137800  0.137800
drill  0.137800
shape_offset  0.000000  0.000000
orientation  0.00
Shape  Circ
Layer  all
$EndPAD
$EndMODULE  Outl

$EndDESCRIPTION
